2023-04-26 07:23:57 : Model_Core_Pager Object
(
    [totalRecords] => 2
    [currentPage] => 1
    [totalPages] => 2
    [firstPage] => 1
    [previousPage] => 0
    [nextPage] => 2
    [recordPerPage] => 20
    [startLimit] => 0
)
\n\n2023-04-26 19:05:19 : Model_Core_Pager Object
(
    [totalRecords] => 2
    [currentPage] => 1
    [totalPages] => 2
    [firstPage] => 1
    [previousPage] => 0
    [nextPage] => 0
    [recordPerPage] => 1
    [startLimit] => 0
)
\n\n2023-04-26 19:07:13 : Model_Core_Pager Object
(
    [totalRecords] => 2
    [currentPage] => 1
    [totalPages] => 2
    [firstPage] => 1
    [previousPage] => 0
    [nextPage] => 2
    [recordPerPage] => 1
    [startLimit] => 0
)
\n\n2023-04-26 19:10:38 : Model_Core_Pager Object
(
    [totalRecords] => 2
    [currentPage] => 1
    [totalPages] => 2
    [firstPage] => 1
    [previousPage] => 0
    [nextPage] => 2
    [recordPerPage] => 1
    [startLimit] => 0
)
\n\n2023-04-26 19:12:07 : Model_Core_Pager Object
(
    [totalRecords] => 2
    [currentPage] => 2
    [totalPages] => 2
    [firstPage] => 1
    [previousPage] => 1
    [nextPage] => 0
    [recordPerPage] => 1
    [startLimit] => 1
)
\n\n2023-04-26 19:12:11 : Model_Core_Pager Object
(
    [totalRecords] => 2
    [currentPage] => 1
    [totalPages] => 2
    [firstPage] => 1
    [previousPage] => 0
    [nextPage] => 2
    [recordPerPage] => 1
    [startLimit] => 0
)
\n\n2023-04-26 19:12:15 : Model_Core_Pager Object
(
    [totalRecords] => 2
    [currentPage] => 1
    [totalPages] => 2
    [firstPage] => 1
    [previousPage] => 0
    [nextPage] => 2
    [recordPerPage] => 1
    [startLimit] => 0
)
\n\n2023-04-26 19:12:17 : Model_Core_Pager Object
(
    [totalRecords] => 2
    [currentPage] => 2
    [totalPages] => 2
    [firstPage] => 1
    [previousPage] => 1
    [nextPage] => 0
    [recordPerPage] => 1
    [startLimit] => 1
)
\n\n2023-04-26 19:12:20 : Model_Core_Pager Object
(
    [totalRecords] => 2
    [currentPage] => 1
    [totalPages] => 2
    [firstPage] => 1
    [previousPage] => 0
    [nextPage] => 2
    [recordPerPage] => 1
    [startLimit] => 0
)
\n\n2023-04-26 19:12:21 : Model_Core_Pager Object
(
    [totalRecords] => 2
    [currentPage] => 2
    [totalPages] => 2
    [firstPage] => 1
    [previousPage] => 1
    [nextPage] => 0
    [recordPerPage] => 1
    [startLimit] => 1
)
\n\n2023-04-26 19:12:22 : Model_Core_Pager Object
(
    [totalRecords] => 2
    [currentPage] => 1
    [totalPages] => 2
    [firstPage] => 0
    [previousPage] => 0
    [nextPage] => 2
    [recordPerPage] => 1
    [startLimit] => 0
)
\n\n2023-04-26 19:12:22 : Model_Core_Pager Object
(
    [totalRecords] => 2
    [currentPage] => 2
    [totalPages] => 2
    [firstPage] => 1
    [previousPage] => 1
    [nextPage] => 0
    [recordPerPage] => 1
    [startLimit] => 1
)
\n\n2023-04-26 19:12:23 : Model_Core_Pager Object
(
    [totalRecords] => 2
    [currentPage] => 1
    [totalPages] => 2
    [firstPage] => 0
    [previousPage] => 0
    [nextPage] => 2
    [recordPerPage] => 1
    [startLimit] => 0
)
\n\n2023-04-26 19:12:23 : Model_Core_Pager Object
(
    [totalRecords] => 2
    [currentPage] => 2
    [totalPages] => 2
    [firstPage] => 1
    [previousPage] => 1
    [nextPage] => 0
    [recordPerPage] => 1
    [startLimit] => 1
)
\n\n2023-04-26 19:12:24 : Model_Core_Pager Object
(
    [totalRecords] => 2
    [currentPage] => 1
    [totalPages] => 2
    [firstPage] => 0
    [previousPage] => 0
    [nextPage] => 2
    [recordPerPage] => 1
    [startLimit] => 0
)
\n\n2023-04-26 19:12:24 : Model_Core_Pager Object
(
    [totalRecords] => 2
    [currentPage] => 2
    [totalPages] => 2
    [firstPage] => 1
    [previousPage] => 1
    [nextPage] => 0
    [recordPerPage] => 1
    [startLimit] => 1
)
\n\n2023-04-26 19:12:25 : Model_Core_Pager Object
(
    [totalRecords] => 2
    [currentPage] => 1
    [totalPages] => 2
    [firstPage] => 0
    [previousPage] => 0
    [nextPage] => 2
    [recordPerPage] => 1
    [startLimit] => 0
)
\n\n2023-04-26 19:12:25 : Model_Core_Pager Object
(
    [totalRecords] => 2
    [currentPage] => 2
    [totalPages] => 2
    [firstPage] => 1
    [previousPage] => 1
    [nextPage] => 0
    [recordPerPage] => 1
    [startLimit] => 1
)
\n\n2023-04-26 19:12:25 : Model_Core_Pager Object
(
    [totalRecords] => 2
    [currentPage] => 1
    [totalPages] => 2
    [firstPage] => 0
    [previousPage] => 0
    [nextPage] => 2
    [recordPerPage] => 1
    [startLimit] => 0
)
\n\n2023-04-26 19:12:25 : Model_Core_Pager Object
(
    [totalRecords] => 2
    [currentPage] => 2
    [totalPages] => 2
    [firstPage] => 1
    [previousPage] => 1
    [nextPage] => 0
    [recordPerPage] => 1
    [startLimit] => 1
)
\n\n2023-04-26 19:12:25 : Model_Core_Pager Object
(
    [totalRecords] => 2
    [currentPage] => 1
    [totalPages] => 2
    [firstPage] => 0
    [previousPage] => 0
    [nextPage] => 2
    [recordPerPage] => 1
    [startLimit] => 0
)
\n\n2023-04-26 19:12:26 : Model_Core_Pager Object
(
    [totalRecords] => 2
    [currentPage] => 2
    [totalPages] => 2
    [firstPage] => 1
    [previousPage] => 1
    [nextPage] => 0
    [recordPerPage] => 1
    [startLimit] => 1
)
\n\n2023-04-26 19:12:26 : Model_Core_Pager Object
(
    [totalRecords] => 2
    [currentPage] => 1
    [totalPages] => 2
    [firstPage] => 0
    [previousPage] => 0
    [nextPage] => 2
    [recordPerPage] => 1
    [startLimit] => 0
)
\n\n2023-04-26 19:12:26 : Model_Core_Pager Object
(
    [totalRecords] => 2
    [currentPage] => 2
    [totalPages] => 2
    [firstPage] => 1
    [previousPage] => 1
    [nextPage] => 0
    [recordPerPage] => 1
    [startLimit] => 1
)
\n\n2023-04-26 19:12:26 : Model_Core_Pager Object
(
    [totalRecords] => 2
    [currentPage] => 1
    [totalPages] => 2
    [firstPage] => 0
    [previousPage] => 0
    [nextPage] => 2
    [recordPerPage] => 1
    [startLimit] => 0
)
\n\n2023-04-27 06:03:06 : Model_Core_Pager Object
(
    [totalRecords] => 2
    [currentPage] => 2
    [totalPages] => 2
    [firstPage] => 1
    [previousPage] => 1
    [nextPage] => 0
    [recordPerPage] => 1
    [startLimit] => 1
)
\n\n2023-04-27 06:03:08 : Model_Core_Pager Object
(
    [totalRecords] => 2
    [currentPage] => 1
    [totalPages] => 2
    [firstPage] => 1
    [previousPage] => 0
    [nextPage] => 2
    [recordPerPage] => 1
    [startLimit] => 0
)
\n\n2023-04-27 06:03:09 : Model_Core_Pager Object
(
    [totalRecords] => 2
    [currentPage] => 1
    [totalPages] => 2
    [firstPage] => 0
    [previousPage] => 0
    [nextPage] => 2
    [recordPerPage] => 1
    [startLimit] => 0
)
\n\n2023-04-27 06:03:10 : Model_Core_Pager Object
(
    [totalRecords] => 2
    [currentPage] => 1
    [totalPages] => 2
    [firstPage] => 0
    [previousPage] => 0
    [nextPage] => 2
    [recordPerPage] => 1
    [startLimit] => 0
)
\n\n2023-04-27 06:03:13 : Model_Core_Pager Object
(
    [totalRecords] => 2
    [currentPage] => 1
    [totalPages] => 2
    [firstPage] => 0
    [previousPage] => 0
    [nextPage] => 2
    [recordPerPage] => 1
    [startLimit] => 0
)
\n\n2023-04-27 06:03:15 : Model_Core_Pager Object
(
    [totalRecords] => 2
    [currentPage] => 1
    [totalPages] => 2
    [firstPage] => 0
    [previousPage] => 0
    [nextPage] => 2
    [recordPerPage] => 1
    [startLimit] => 0
)
\n\n2023-04-27 06:03:16 : Model_Core_Pager Object
(
    [totalRecords] => 2
    [currentPage] => 2
    [totalPages] => 2
    [firstPage] => 1
    [previousPage] => 1
    [nextPage] => 0
    [recordPerPage] => 1
    [startLimit] => 1
)
\n\n2023-04-27 06:03:18 : Model_Core_Pager Object
(
    [totalRecords] => 2
    [currentPage] => 1
    [totalPages] => 2
    [firstPage] => 0
    [previousPage] => 0
    [nextPage] => 2
    [recordPerPage] => 1
    [startLimit] => 0
)
\n\n2023-04-27 06:03:21 : Model_Core_Pager Object
(
    [totalRecords] => 2
    [currentPage] => 1
    [totalPages] => 2
    [firstPage] => 0
    [previousPage] => 0
    [nextPage] => 2
    [recordPerPage] => 1
    [startLimit] => 0
)
\n\n2023-04-27 06:03:21 : Model_Core_Pager Object
(
    [totalRecords] => 2
    [currentPage] => 1
    [totalPages] => 2
    [firstPage] => 0
    [previousPage] => 0
    [nextPage] => 2
    [recordPerPage] => 1
    [startLimit] => 0
)
\n\n2023-04-27 06:03:22 : Model_Core_Pager Object
(
    [totalRecords] => 2
    [currentPage] => 1
    [totalPages] => 2
    [firstPage] => 0
    [previousPage] => 0
    [nextPage] => 2
    [recordPerPage] => 1
    [startLimit] => 0
)
\n\n2023-04-27 06:03:24 : Model_Core_Pager Object
(
    [totalRecords] => 2
    [currentPage] => 2
    [totalPages] => 2
    [firstPage] => 1
    [previousPage] => 1
    [nextPage] => 0
    [recordPerPage] => 1
    [startLimit] => 1
)
\n\n2023-04-27 06:03:24 : Model_Core_Pager Object
(
    [totalRecords] => 2
    [currentPage] => 1
    [totalPages] => 2
    [firstPage] => 0
    [previousPage] => 0
    [nextPage] => 2
    [recordPerPage] => 1
    [startLimit] => 0
)
\n\n2023-04-27 06:03:25 : Model_Core_Pager Object
(
    [totalRecords] => 2
    [currentPage] => 2
    [totalPages] => 2
    [firstPage] => 1
    [previousPage] => 1
    [nextPage] => 0
    [recordPerPage] => 1
    [startLimit] => 1
)
\n\n2023-04-27 06:03:26 : Model_Core_Pager Object
(
    [totalRecords] => 2
    [currentPage] => 1
    [totalPages] => 2
    [firstPage] => 0
    [previousPage] => 0
    [nextPage] => 2
    [recordPerPage] => 1
    [startLimit] => 0
)
\n\n2023-04-27 06:03:27 : Model_Core_Pager Object
(
    [totalRecords] => 2
    [currentPage] => 2
    [totalPages] => 2
    [firstPage] => 1
    [previousPage] => 1
    [nextPage] => 0
    [recordPerPage] => 1
    [startLimit] => 1
)
\n\n2023-04-27 06:03:27 : Model_Core_Pager Object
(
    [totalRecords] => 2
    [currentPage] => 1
    [totalPages] => 2
    [firstPage] => 0
    [previousPage] => 0
    [nextPage] => 2
    [recordPerPage] => 1
    [startLimit] => 0
)
\n\n2023-04-27 06:03:28 : Model_Core_Pager Object
(
    [totalRecords] => 2
    [currentPage] => 2
    [totalPages] => 2
    [firstPage] => 1
    [previousPage] => 1
    [nextPage] => 0
    [recordPerPage] => 1
    [startLimit] => 1
)
\n\n2023-04-27 06:03:28 : Model_Core_Pager Object
(
    [totalRecords] => 2
    [currentPage] => 1
    [totalPages] => 2
    [firstPage] => 0
    [previousPage] => 0
    [nextPage] => 2
    [recordPerPage] => 1
    [startLimit] => 0
)
\n\n2023-04-27 06:03:30 : Model_Core_Pager Object
(
    [totalRecords] => 2
    [currentPage] => 2
    [totalPages] => 2
    [firstPage] => 1
    [previousPage] => 1
    [nextPage] => 0
    [recordPerPage] => 1
    [startLimit] => 1
)
\n\n2023-04-27 06:03:38 : Model_Core_Pager Object
(
    [totalRecords] => 2
    [currentPage] => 1
    [totalPages] => 2
    [firstPage] => 1
    [previousPage] => 0
    [nextPage] => 2
    [recordPerPage] => 1
    [startLimit] => 0
)
\n\n2023-04-27 06:03:40 : Model_Core_Pager Object
(
    [totalRecords] => 2
    [currentPage] => 2
    [totalPages] => 2
    [firstPage] => 1
    [previousPage] => 1
    [nextPage] => 0
    [recordPerPage] => 1
    [startLimit] => 1
)
\n\n2023-04-27 06:03:41 : Model_Core_Pager Object
(
    [totalRecords] => 2
    [currentPage] => 1
    [totalPages] => 2
    [firstPage] => 0
    [previousPage] => 0
    [nextPage] => 2
    [recordPerPage] => 1
    [startLimit] => 0
)
\n\n2023-04-27 06:04:11 : Model_Core_Pager Object
(
    [totalRecords] => 2
    [currentPage] => 2
    [totalPages] => 2
    [firstPage] => 1
    [previousPage] => 1
    [nextPage] => 0
    [recordPerPage] => 1
    [startLimit] => 1
)
\n\n2023-04-27 06:04:16 : Model_Core_Pager Object
(
    [totalRecords] => 2
    [currentPage] => 1
    [totalPages] => 2
    [firstPage] => 0
    [previousPage] => 0
    [nextPage] => 2
    [recordPerPage] => 1
    [startLimit] => 0
)
\n\n2023-04-27 06:04:17 : Model_Core_Pager Object
(
    [totalRecords] => 2
    [currentPage] => 2
    [totalPages] => 2
    [firstPage] => 1
    [previousPage] => 1
    [nextPage] => 0
    [recordPerPage] => 1
    [startLimit] => 1
)
\n\n2023-04-27 06:04:17 : Model_Core_Pager Object
(
    [totalRecords] => 2
    [currentPage] => 1
    [totalPages] => 2
    [firstPage] => 0
    [previousPage] => 0
    [nextPage] => 2
    [recordPerPage] => 1
    [startLimit] => 0
)
\n\n2023-04-27 06:04:17 : Model_Core_Pager Object
(
    [totalRecords] => 2
    [currentPage] => 2
    [totalPages] => 2
    [firstPage] => 1
    [previousPage] => 1
    [nextPage] => 0
    [recordPerPage] => 1
    [startLimit] => 1
)
\n\n2023-04-27 06:04:18 : Model_Core_Pager Object
(
    [totalRecords] => 2
    [currentPage] => 1
    [totalPages] => 2
    [firstPage] => 0
    [previousPage] => 0
    [nextPage] => 2
    [recordPerPage] => 1
    [startLimit] => 0
)
\n\n2023-04-27 06:04:18 : Model_Core_Pager Object
(
    [totalRecords] => 2
    [currentPage] => 2
    [totalPages] => 2
    [firstPage] => 1
    [previousPage] => 1
    [nextPage] => 0
    [recordPerPage] => 1
    [startLimit] => 1
)
\n\n2023-04-27 06:04:18 : Model_Core_Pager Object
(
    [totalRecords] => 2
    [currentPage] => 1
    [totalPages] => 2
    [firstPage] => 0
    [previousPage] => 0
    [nextPage] => 2
    [recordPerPage] => 1
    [startLimit] => 0
)
\n\n2023-04-27 06:04:18 : Model_Core_Pager Object
(
    [totalRecords] => 2
    [currentPage] => 2
    [totalPages] => 2
    [firstPage] => 1
    [previousPage] => 1
    [nextPage] => 0
    [recordPerPage] => 1
    [startLimit] => 1
)
\n\n2023-04-27 06:04:19 : Model_Core_Pager Object
(
    [totalRecords] => 2
    [currentPage] => 1
    [totalPages] => 2
    [firstPage] => 0
    [previousPage] => 0
    [nextPage] => 2
    [recordPerPage] => 1
    [startLimit] => 0
)
\n\n2023-04-27 06:04:19 : Model_Core_Pager Object
(
    [totalRecords] => 2
    [currentPage] => 2
    [totalPages] => 2
    [firstPage] => 1
    [previousPage] => 1
    [nextPage] => 0
    [recordPerPage] => 1
    [startLimit] => 1
)
\n\n2023-04-27 06:04:19 : Model_Core_Pager Object
(
    [totalRecords] => 2
    [currentPage] => 1
    [totalPages] => 2
    [firstPage] => 0
    [previousPage] => 0
    [nextPage] => 2
    [recordPerPage] => 1
    [startLimit] => 0
)
\n\n2023-04-27 06:04:22 : Model_Core_Pager Object
(
    [totalRecords] => 2
    [currentPage] => 2
    [totalPages] => 2
    [firstPage] => 1
    [previousPage] => 1
    [nextPage] => 0
    [recordPerPage] => 1
    [startLimit] => 1
)
\n\n2023-04-27 06:04:22 : Model_Core_Pager Object
(
    [totalRecords] => 2
    [currentPage] => 1
    [totalPages] => 2
    [firstPage] => 0
    [previousPage] => 0
    [nextPage] => 2
    [recordPerPage] => 1
    [startLimit] => 0
)
\n\n2023-04-27 06:42:38 : Model_Core_Pager Object
(
    [totalRecords] => 2
    [currentPage] => 1
    [totalPages] => 2
    [firstPage] => 1
    [previousPage] => 0
    [nextPage] => 2
    [recordPerPage] => 1
    [startLimit] => 0
)
\n\n2023-04-27 06:42:43 : Model_Core_Pager Object
(
    [totalRecords] => 2
    [currentPage] => 1
    [totalPages] => 2
    [firstPage] => 1
    [previousPage] => 0
    [nextPage] => 2
    [recordPerPage] => 50
    [startLimit] => 0
)
\n\n2023-04-27 06:43:07 : Model_Core_Pager Object
(
    [totalRecords] => 2
    [currentPage] => 1
    [totalPages] => 2
    [firstPage] => 1
    [previousPage] => 0
    [nextPage] => 2
    [recordPerPage] => 1
    [startLimit] => 0
)
\n\n2023-04-27 06:43:10 : Model_Core_Pager Object
(
    [totalRecords] => 2
    [currentPage] => 1
    [totalPages] => 2
    [firstPage] => 1
    [previousPage] => 0
    [nextPage] => 2
    [recordPerPage] => 50
    [startLimit] => 0
)
\n\n2023-04-27 07:17:30 : Model_Core_Pager Object
(
    [totalRecords] => 2
    [currentPage] => 1
    [totalPages] => 2
    [firstPage] => 1
    [previousPage] => 0
    [nextPage] => 2
    [recordPerPage] => 1
    [startLimit] => 0
)
\n\n2023-04-27 07:18:00 : Model_Core_Pager Object
(
    [totalRecords] => 2
    [currentPage] => 1
    [totalPages] => 2
    [firstPage] => 1
    [previousPage] => 0
    [nextPage] => 2
    [recordPerPage] => 1
    [startLimit] => 0
)
\n\n2023-04-27 07:18:04 : Model_Core_Pager Object
(
    [totalRecords] => 2
    [currentPage] => 1
    [totalPages] => 2
    [firstPage] => 1
    [previousPage] => 0
    [nextPage] => 2
    [recordPerPage] => 20
    [startLimit] => 0
)
\n\n2023-04-27 07:18:07 : Model_Core_Pager Object
(
    [totalRecords] => 2
    [currentPage] => 1
    [totalPages] => 2
    [firstPage] => 1
    [previousPage] => 0
    [nextPage] => 2
    [recordPerPage] => 50
    [startLimit] => 0
)
\n\n2023-04-27 07:18:09 : Model_Core_Pager Object
(
    [totalRecords] => 2
    [currentPage] => 1
    [totalPages] => 2
    [firstPage] => 1
    [previousPage] => 0
    [nextPage] => 2
    [recordPerPage] => 10
    [startLimit] => 0
)
\n\n2023-04-27 07:18:10 : Model_Core_Pager Object
(
    [totalRecords] => 2
    [currentPage] => 1
    [totalPages] => 2
    [firstPage] => 1
    [previousPage] => 0
    [nextPage] => 2
    [recordPerPage] => 20
    [startLimit] => 0
)
\n\n2023-04-27 07:18:11 : Model_Core_Pager Object
(
    [totalRecords] => 2
    [currentPage] => 1
    [totalPages] => 2
    [firstPage] => 1
    [previousPage] => 0
    [nextPage] => 2
    [recordPerPage] => 50
    [startLimit] => 0
)
\n\n2023-04-28 06:42:14 : Model_Core_Pager Object
(
    [totalRecords] => 2
    [currentPage] => 1
    [totalPages] => 2
    [firstPage] => 1
    [previousPage] => 0
    [nextPage] => 2
    [recordPerPage] => 10
    [startLimit] => 0
)
\n\n2023-04-28 06:43:32 : Model_Core_Pager Object
(
    [totalRecords] => 2
    [currentPage] => 1
    [totalPages] => 2
    [firstPage] => 1
    [previousPage] => 0
    [nextPage] => 2
    [recordPerPage] => 10
    [startLimit] => 0
)
\n\n2023-04-28 06:43:44 : Model_Core_Pager Object
(
    [totalRecords] => 2
    [currentPage] => 1
    [totalPages] => 2
    [firstPage] => 1
    [previousPage] => 0
    [nextPage] => 2
    [recordPerPage] => 10
    [startLimit] => 0
)
\n\n2023-04-28 06:44:23 : Model_Core_Pager Object
(
    [totalRecords] => 2
    [currentPage] => 1
    [totalPages] => 2
    [firstPage] => 1
    [previousPage] => 0
    [nextPage] => 2
    [recordPerPage] => 10
    [startLimit] => 0
)
\n\n2023-04-28 07:58:49 : Model_Core_Pager Object
(
    [totalRecords] => 2
    [currentPage] => 1
    [totalPages] => 2
    [firstPage] => 1
    [previousPage] => 0
    [nextPage] => 2
    [recordPerPage] => 10
    [startLimit] => 0
)
\n\n2023-04-28 07:58:53 : Model_Core_Pager Object
(
    [totalRecords] => 2
    [currentPage] => 1
    [totalPages] => 2
    [firstPage] => 1
    [previousPage] => 0
    [nextPage] => 2
    [recordPerPage] => 10
    [startLimit] => 0
)
\n\n2023-04-28 08:00:22 : Model_Core_Pager Object
(
    [totalRecords] => 2
    [currentPage] => 1
    [totalPages] => 2
    [firstPage] => 1
    [previousPage] => 0
    [nextPage] => 2
    [recordPerPage] => 10
    [startLimit] => 0
)
\n\n2023-04-28 08:00:26 : Model_Core_Pager Object
(
    [totalRecords] => 2
    [currentPage] => 1
    [totalPages] => 2
    [firstPage] => 1
    [previousPage] => 0
    [nextPage] => 2
    [recordPerPage] => 10
    [startLimit] => 0
)
\n\n2023-04-28 11:13:17 : Model_Core_Pager Object
(
    [totalRecords] => 2
    [currentPage] => 1
    [totalPages] => 2
    [firstPage] => 1
    [previousPage] => 0
    [nextPage] => 2
    [recordPerPage] => 10
    [startLimit] => 0
)
\n\n2023-04-28 11:17:27 : Model_Core_Pager Object
(
    [totalRecords] => 2
    [currentPage] => 1
    [totalPages] => 2
    [firstPage] => 1
    [previousPage] => 0
    [nextPage] => 2
    [recordPerPage] => 10
    [startLimit] => 0
)
\n\n2023-04-28 11:18:12 : Model_Core_Pager Object
(
    [totalRecords] => 2
    [currentPage] => 1
    [totalPages] => 2
    [firstPage] => 1
    [previousPage] => 0
    [nextPage] => 2
    [recordPerPage] => 10
    [startLimit] => 0
)
\n\n2023-04-28 11:19:07 : Model_Core_Pager Object
(
    [totalRecords] => 2
    [currentPage] => 1
    [totalPages] => 2
    [firstPage] => 1
    [previousPage] => 0
    [nextPage] => 2
    [recordPerPage] => 10
    [startLimit] => 0
)
\n\n2023-04-28 11:49:51 : Model_Core_Pager Object
(
    [totalRecords] => 4
    [currentPage] => 1
    [totalPages] => 4
    [firstPage] => 1
    [previousPage] => 0
    [nextPage] => 2
    [recordPerPage] => 1
    [startLimit] => 0
)
\n\n2023-04-28 11:49:53 : Model_Core_Pager Object
(
    [totalRecords] => 2
    [currentPage] => 1
    [totalPages] => 2
    [firstPage] => 1
    [previousPage] => 0
    [nextPage] => 2
    [recordPerPage] => 10
    [startLimit] => 0
)
\n\n2023-04-28 11:50:06 : Model_Core_Pager Object
(
    [totalRecords] => 2
    [currentPage] => 1
    [totalPages] => 2
    [firstPage] => 1
    [previousPage] => 0
    [nextPage] => 2
    [recordPerPage] => 10
    [startLimit] => 0
)
\n\n2023-04-28 12:39:03 : Model_Core_Pager Object
(
    [totalRecords] => 2
    [currentPage] => 1
    [totalPages] => 2
    [firstPage] => 1
    [previousPage] => 0
    [nextPage] => 2
    [recordPerPage] => 10
    [startLimit] => 0
)
\n\n2023-04-28 12:56:07 : Model_Quote Object
(
    [data:protected] => Array
        (
            [customer_id] => 61
        )

    [resourceClass] => Quote_Resource
    [collectionClass] => Quote_Collection
    [resource:protected] => Model_Quote_Resource Object
        (
            [adapter:protected] => Model_Core_Adapter Object
                (
                    [serverName] => localhost
                    [userName] => root
                    [passWord] => 
                    [dbName] => newmvc-udaykumar
                )

            [tableName] => quote
            [primaryKey] => quote_id
        )

    [collection:protected] => 
)
\n\n